2019-04-01 06:56:30.764  INFO 7540 --- [main] l.n.o.Application                        : Starting Application on DESKTOP-PQBFSLF with PID 7540 (started by Hasindu in E:\NSBM\Final System 6\online-food-ordering-system-master)
2019-04-01 06:56:30.860  INFO 7540 --- [main] l.n.o.Application                        : No active profile set, falling back to default profiles: default
2019-04-01 06:56:36.173  INFO 7540 --- [main] .s.d.r.c.RepositoryConfigurationDelegate : Bootstrapping Spring Data repositories in DEFAULT mode.
2019-04-01 06:56:36.470  INFO 7540 --- [main] .s.d.r.c.RepositoryConfigurationDelegate : Finished Spring Data repository scanning in 263ms. Found 10 repository interfaces.
2019-04-01 06:56:37.210  INFO 7540 --- [main] trationDelegate$BeanPostProcessorChecker : Bean 'org.springframework.transaction.annotation.ProxyTransactionManagementConfiguration' of type [org.springframework.transaction.annotation.ProxyTransactionManagementConfiguration$$EnhancerBySpringCGLIB$$f9afca9d] is not eligible for getting processed by all BeanPostProcessors (for example: not eligible for auto-proxying)
2019-04-01 06:56:38.977  INFO 7540 --- [main] o.s.b.w.embedded.tomcat.TomcatWebServer  : Tomcat initialized with port(s): 8080 (http)
2019-04-01 06:56:39.144  INFO 7540 --- [main] o.apache.catalina.core.StandardService   : Starting service [Tomcat]
2019-04-01 06:56:39.145  INFO 7540 --- [main] org.apache.catalina.core.StandardEngine  : Starting Servlet Engine: Apache Tomcat/9.0.12
2019-04-01 06:56:39.191  INFO 7540 --- [main] o.a.catalina.core.AprLifecycleListener   : The APR based Apache Tomcat Native library which allows optimal performance in production environments was not found on the java.library.path: [C:\Program Files\Java\jdk1.8.0_111\bin;C:\WINDOWS\Sun\Java\bin;C:\WINDOWS\system32;C:\WINDOWS;C:\ProgramData\Oracle\Java\javapath;C:\WINDOWS\system32;C:\WINDOWS;C:\WINDOWS\System32\Wbem;C:\WINDOWS\System32\WindowsPowerShell\v1.0\;C:\WINDOWS\System32\OpenSSH\;C:\Program Files\MySQL\MySQL Server 5.7\bin;C:\Program Files\nodejs\;C:\Program Files\Git\cmd;C:\Program Files\Intel\WiFi\bin\;C:\Program Files\Common Files\Intel\WirelessCommon\;C:\Program Files\apache-maven-3.6.0\bin;C:\Program Files\Intel\WiFi\bin\;C:\Program Files\Common Files\Intel\WirelessCommon\;C:\Users\Hasindu\AppData\Local\Microsoft\WindowsApps;;C:\Users\Hasindu\AppData\Local\Programs\Microsoft VS Code\bin;C:\Users\Hasindu\AppData\Roaming\npm;.]
2019-04-01 06:56:43.721  INFO 7540 --- [main] o.a.c.c.C.[Tomcat].[localhost].[/]       : Initializing Spring embedded WebApplicationContext
2019-04-01 06:56:43.722  INFO 7540 --- [main] o.s.web.context.ContextLoader            : Root WebApplicationContext: initialization completed in 12067 ms
2019-04-01 06:56:43.850  INFO 7540 --- [main] o.s.b.w.servlet.ServletRegistrationBean  : Servlet dispatcherServlet mapped to [/]
2019-04-01 06:56:43.862  INFO 7540 --- [main] o.s.b.w.servlet.FilterRegistrationBean   : Mapping filter: 'characterEncodingFilter' to: [/*]
2019-04-01 06:56:43.862  INFO 7540 --- [main] o.s.b.w.servlet.FilterRegistrationBean   : Mapping filter: 'hiddenHttpMethodFilter' to: [/*]
2019-04-01 06:56:43.862  INFO 7540 --- [main] o.s.b.w.servlet.FilterRegistrationBean   : Mapping filter: 'formContentFilter' to: [/*]
2019-04-01 06:56:43.863  INFO 7540 --- [main] o.s.b.w.servlet.FilterRegistrationBean   : Mapping filter: 'requestContextFilter' to: [/*]
2019-04-01 06:56:45.170  INFO 7540 --- [main] com.zaxxer.hikari.HikariDataSource       : HikariPool-1 - Starting...
2019-04-01 06:56:47.427  INFO 7540 --- [main] com.zaxxer.hikari.HikariDataSource       : HikariPool-1 - Start completed.
2019-04-01 06:56:57.968  INFO 7540 --- [main] j.LocalContainerEntityManagerFactoryBean : Initialized JPA EntityManagerFactory for persistence unit 'default'
2019-04-01 06:57:01.310  INFO 7540 --- [main] o.s.s.concurrent.ThreadPoolTaskExecutor  : Initializing ExecutorService 'applicationTaskExecutor'
2019-04-01 06:57:01.479  WARN 7540 --- [main] aWebConfiguration$JpaWebMvcConfiguration : spring.jpa.open-in-view is enabled by default. Therefore, database queries may be performed during view rendering. Explicitly configure spring.jpa.open-in-view to disable this warning
2019-04-01 06:57:01.648  INFO 7540 --- [main] o.s.b.a.w.s.WelcomePageHandlerMapping    : Adding welcome page: ServletContext resource [/index.html]
2019-04-01 06:57:02.400  INFO 7540 --- [main] o.s.b.w.embedded.tomcat.TomcatWebServer  : Tomcat started on port(s): 8080 (http) with context path ''
2019-04-01 06:57:02.422  INFO 7540 --- [main] l.n.o.Application                        : Started Application in 37.077 seconds (JVM running for 50.159)
2019-04-01 06:57:36.015  INFO 7540 --- [http-nio-8080-exec-2] o.a.c.c.C.[Tomcat].[localhost].[/]       : Initializing Spring DispatcherServlet 'dispatcherServlet'
2019-04-01 06:57:36.016  INFO 7540 --- [http-nio-8080-exec-2] o.s.web.servlet.DispatcherServlet        : Initializing Servlet 'dispatcherServlet'
2019-04-01 06:57:36.027  INFO 7540 --- [http-nio-8080-exec-2] o.s.web.servlet.DispatcherServlet        : Completed initialization in 11 ms
2019-04-01 08:38:59.608  INFO 9884 --- [main] l.n.o.Application                        : Starting Application on DESKTOP-PQBFSLF with PID 9884 (started by Hasindu in E:\NSBM\Final System 6\online-food-ordering-system-master)
2019-04-01 08:38:59.902  INFO 9884 --- [main] l.n.o.Application                        : No active profile set, falling back to default profiles: default
2019-04-01 08:39:03.423  INFO 9884 --- [main] .s.d.r.c.RepositoryConfigurationDelegate : Bootstrapping Spring Data repositories in DEFAULT mode.
2019-04-01 08:39:04.000  INFO 9884 --- [main] .s.d.r.c.RepositoryConfigurationDelegate : Finished Spring Data repository scanning in 570ms. Found 10 repository interfaces.
2019-04-01 08:39:04.338  INFO 9884 --- [main] trationDelegate$BeanPostProcessorChecker : Bean 'org.springframework.transaction.annotation.ProxyTransactionManagementConfiguration' of type [org.springframework.transaction.annotation.ProxyTransactionManagementConfiguration$$EnhancerBySpringCGLIB$$9393098e] is not eligible for getting processed by all BeanPostProcessors (for example: not eligible for auto-proxying)
2019-04-01 08:39:05.287  INFO 9884 --- [main] o.s.b.w.embedded.tomcat.TomcatWebServer  : Tomcat initialized with port(s): 8080 (http)
2019-04-01 08:39:05.305  INFO 9884 --- [main] o.apache.catalina.core.StandardService   : Starting service [Tomcat]
2019-04-01 08:39:05.305  INFO 9884 --- [main] org.apache.catalina.core.StandardEngine  : Starting Servlet Engine: Apache Tomcat/9.0.12
2019-04-01 08:39:05.339  INFO 9884 --- [main] o.a.catalina.core.AprLifecycleListener   : The APR based Apache Tomcat Native library which allows optimal performance in production environments was not found on the java.library.path: [C:\Program Files\Java\jdk1.8.0_111\bin;C:\WINDOWS\Sun\Java\bin;C:\WINDOWS\system32;C:\WINDOWS;C:\ProgramData\Oracle\Java\javapath;C:\WINDOWS\system32;C:\WINDOWS;C:\WINDOWS\System32\Wbem;C:\WINDOWS\System32\WindowsPowerShell\v1.0\;C:\WINDOWS\System32\OpenSSH\;C:\Program Files\MySQL\MySQL Server 5.7\bin;C:\Program Files\nodejs\;C:\Program Files\Git\cmd;C:\Program Files\Intel\WiFi\bin\;C:\Program Files\Common Files\Intel\WirelessCommon\;C:\Program Files\apache-maven-3.6.0\bin;C:\Program Files\Intel\WiFi\bin\;C:\Program Files\Common Files\Intel\WirelessCommon\;C:\Users\Hasindu\AppData\Local\Microsoft\WindowsApps;;C:\Users\Hasindu\AppData\Local\Programs\Microsoft VS Code\bin;C:\Users\Hasindu\AppData\Roaming\npm;.]
2019-04-01 08:39:07.973  INFO 9884 --- [main] o.a.c.c.C.[Tomcat].[localhost].[/]       : Initializing Spring embedded WebApplicationContext
2019-04-01 08:39:07.973  INFO 9884 --- [main] o.s.web.context.ContextLoader            : Root WebApplicationContext: initialization completed in 7999 ms
2019-04-01 08:39:07.998  INFO 9884 --- [main] o.s.b.w.servlet.ServletRegistrationBean  : Servlet dispatcherServlet mapped to [/]
2019-04-01 08:39:08.002  INFO 9884 --- [main] o.s.b.w.servlet.FilterRegistrationBean   : Mapping filter: 'characterEncodingFilter' to: [/*]
2019-04-01 08:39:08.002  INFO 9884 --- [main] o.s.b.w.servlet.FilterRegistrationBean   : Mapping filter: 'hiddenHttpMethodFilter' to: [/*]
2019-04-01 08:39:08.003  INFO 9884 --- [main] o.s.b.w.servlet.FilterRegistrationBean   : Mapping filter: 'formContentFilter' to: [/*]
2019-04-01 08:39:08.003  INFO 9884 --- [main] o.s.b.w.servlet.FilterRegistrationBean   : Mapping filter: 'requestContextFilter' to: [/*]
2019-04-01 08:39:08.275  INFO 9884 --- [main] com.zaxxer.hikari.HikariDataSource       : HikariPool-1 - Starting...
2019-04-01 08:39:08.568  INFO 9884 --- [main] com.zaxxer.hikari.HikariDataSource       : HikariPool-1 - Start completed.
2019-04-01 08:39:12.851  INFO 9884 --- [main] j.LocalContainerEntityManagerFactoryBean : Initialized JPA EntityManagerFactory for persistence unit 'default'
2019-04-01 08:39:13.977  INFO 9884 --- [main] o.s.s.concurrent.ThreadPoolTaskExecutor  : Initializing ExecutorService 'applicationTaskExecutor'
2019-04-01 08:39:14.011  WARN 9884 --- [main] aWebConfiguration$JpaWebMvcConfiguration : spring.jpa.open-in-view is enabled by default. Therefore, database queries may be performed during view rendering. Explicitly configure spring.jpa.open-in-view to disable this warning
2019-04-01 08:39:14.172  INFO 9884 --- [main] o.s.b.a.w.s.WelcomePageHandlerMapping    : Adding welcome page: ServletContext resource [/index.html]
2019-04-01 08:39:14.315  INFO 9884 --- [main] o.s.b.w.embedded.tomcat.TomcatWebServer  : Tomcat started on port(s): 8080 (http) with context path ''
2019-04-01 08:39:14.318  INFO 9884 --- [main] l.n.o.Application                        : Started Application in 17.138 seconds (JVM running for 21.682)
2019-04-01 08:39:54.982  INFO 9884 --- [http-nio-8080-exec-3] o.a.c.c.C.[Tomcat].[localhost].[/]       : Initializing Spring DispatcherServlet 'dispatcherServlet'
2019-04-01 08:39:54.982  INFO 9884 --- [http-nio-8080-exec-3] o.s.web.servlet.DispatcherServlet        : Initializing Servlet 'dispatcherServlet'
2019-04-01 08:39:54.995  INFO 9884 --- [http-nio-8080-exec-3] o.s.web.servlet.DispatcherServlet        : Completed initialization in 13 ms
2019-04-01 08:52:43.559  INFO 8116 --- [main] l.n.o.Application                        : Starting Application on DESKTOP-PQBFSLF with PID 8116 (started by Hasindu in E:\NSBM\Final System 6\online-food-ordering-system-master)
2019-04-01 08:52:43.654  INFO 8116 --- [main] l.n.o.Application                        : No active profile set, falling back to default profiles: default
2019-04-01 08:52:45.710  INFO 8116 --- [main] .s.d.r.c.RepositoryConfigurationDelegate : Bootstrapping Spring Data repositories in DEFAULT mode.
2019-04-01 08:52:46.085  INFO 8116 --- [main] .s.d.r.c.RepositoryConfigurationDelegate : Finished Spring Data repository scanning in 367ms. Found 10 repository interfaces.
2019-04-01 08:52:46.562  INFO 8116 --- [main] trationDelegate$BeanPostProcessorChecker : Bean 'org.springframework.transaction.annotation.ProxyTransactionManagementConfiguration' of type [org.springframework.transaction.annotation.ProxyTransactionManagementConfiguration$$EnhancerBySpringCGLIB$$ff9a57bb] is not eligible for getting processed by all BeanPostProcessors (for example: not eligible for auto-proxying)
2019-04-01 08:52:58.933  INFO 8116 --- [main] o.s.b.w.embedded.tomcat.TomcatWebServer  : Tomcat initialized with port(s): 8080 (http)
2019-04-01 08:52:58.967  INFO 8116 --- [main] o.apache.catalina.core.StandardService   : Starting service [Tomcat]
2019-04-01 08:52:58.967  INFO 8116 --- [main] org.apache.catalina.core.StandardEngine  : Starting Servlet Engine: Apache Tomcat/9.0.12
2019-04-01 08:52:58.993  INFO 8116 --- [main] o.a.catalina.core.AprLifecycleListener   : The APR based Apache Tomcat Native library which allows optimal performance in production environments was not found on the java.library.path: [C:\Program Files\Java\jdk1.8.0_111\bin;C:\WINDOWS\Sun\Java\bin;C:\WINDOWS\system32;C:\WINDOWS;C:\ProgramData\Oracle\Java\javapath;C:\WINDOWS\system32;C:\WINDOWS;C:\WINDOWS\System32\Wbem;C:\WINDOWS\System32\WindowsPowerShell\v1.0\;C:\WINDOWS\System32\OpenSSH\;C:\Program Files\MySQL\MySQL Server 5.7\bin;C:\Program Files\nodejs\;C:\Program Files\Git\cmd;C:\Program Files\Intel\WiFi\bin\;C:\Program Files\Common Files\Intel\WirelessCommon\;C:\Program Files\apache-maven-3.6.0\bin;C:\Program Files\Intel\WiFi\bin\;C:\Program Files\Common Files\Intel\WirelessCommon\;C:\Users\Hasindu\AppData\Local\Microsoft\WindowsApps;;C:\Users\Hasindu\AppData\Local\Programs\Microsoft VS Code\bin;C:\Users\Hasindu\AppData\Roaming\npm;.]
2019-04-01 08:53:00.902  INFO 8116 --- [main] o.a.c.c.C.[Tomcat].[localhost].[/]       : Initializing Spring embedded WebApplicationContext
2019-04-01 08:53:00.902  INFO 8116 --- [main] o.s.web.context.ContextLoader            : Root WebApplicationContext: initialization completed in 17120 ms
2019-04-01 08:53:00.925  INFO 8116 --- [main] o.s.b.w.servlet.ServletRegistrationBean  : Servlet dispatcherServlet mapped to [/]
2019-04-01 08:53:00.929  INFO 8116 --- [main] o.s.b.w.servlet.FilterRegistrationBean   : Mapping filter: 'characterEncodingFilter' to: [/*]
2019-04-01 08:53:00.930  INFO 8116 --- [main] o.s.b.w.servlet.FilterRegistrationBean   : Mapping filter: 'hiddenHttpMethodFilter' to: [/*]
2019-04-01 08:53:00.930  INFO 8116 --- [main] o.s.b.w.servlet.FilterRegistrationBean   : Mapping filter: 'formContentFilter' to: [/*]
2019-04-01 08:53:00.930  INFO 8116 --- [main] o.s.b.w.servlet.FilterRegistrationBean   : Mapping filter: 'requestContextFilter' to: [/*]
2019-04-01 08:53:01.173  INFO 8116 --- [main] com.zaxxer.hikari.HikariDataSource       : HikariPool-1 - Starting...
2019-04-01 08:53:01.359  INFO 8116 --- [main] com.zaxxer.hikari.HikariDataSource       : HikariPool-1 - Start completed.
2019-04-01 08:53:04.356  INFO 8116 --- [main] j.LocalContainerEntityManagerFactoryBean : Initialized JPA EntityManagerFactory for persistence unit 'default'
2019-04-01 08:53:05.070  INFO 8116 --- [main] o.s.s.concurrent.ThreadPoolTaskExecutor  : Initializing ExecutorService 'applicationTaskExecutor'
2019-04-01 08:53:05.100  WARN 8116 --- [main] aWebConfiguration$JpaWebMvcConfiguration : spring.jpa.open-in-view is enabled by default. Therefore, database queries may be performed during view rendering. Explicitly configure spring.jpa.open-in-view to disable this warning
2019-04-01 08:53:05.191  INFO 8116 --- [main] o.s.b.a.w.s.WelcomePageHandlerMapping    : Adding welcome page: ServletContext resource [/index.html]
2019-04-01 08:53:05.302  INFO 8116 --- [main] o.s.b.w.embedded.tomcat.TomcatWebServer  : Tomcat started on port(s): 8080 (http) with context path ''
2019-04-01 08:53:05.304  INFO 8116 --- [main] l.n.o.Application                        : Started Application in 23.17 seconds (JVM running for 26.111)
2019-04-01 08:53:25.992  INFO 8116 --- [http-nio-8080-exec-1] o.a.c.c.C.[Tomcat].[localhost].[/]       : Initializing Spring DispatcherServlet 'dispatcherServlet'
2019-04-01 08:53:25.992  INFO 8116 --- [http-nio-8080-exec-1] o.s.web.servlet.DispatcherServlet        : Initializing Servlet 'dispatcherServlet'
2019-04-01 08:53:26.005  INFO 8116 --- [http-nio-8080-exec-1] o.s.web.servlet.DispatcherServlet        : Completed initialization in 13 ms
